<?xml version="1.0" encoding="UTF-8"?>
<testng-results skipped="0" failed="0" ignored="0" total="1" passed="1">
  <reporter-output>
  </reporter-output>
  <suite name="Default suite" duration-ms="46966" started-at="2018-05-29T15:32:47Z" finished-at="2018-05-29T15:33:34Z">
    <groups>
    </groups>
    <test name="Default test" duration-ms="46966" started-at="2018-05-29T15:32:47Z" finished-at="2018-05-29T15:33:34Z">
      <class name="Fileovrewrite">
        <test-method status="PASS" signature="Exe()[pri:0, instance:Fileovrewrite@4501b7af]" name="Exe" duration-ms="46906" started-at="2018-05-29T15:32:47Z" finished-at="2018-05-29T15:33:34Z">
          <reporter-output>
          </reporter-output>
        </test-method> <!-- Exe -->
      </class> <!-- Fileovrewrite -->
    </test> <!-- Default test -->
  </suite> <!-- Default suite -->
</testng-results>
